#
# There is insufficient memory for the Java Runtime Environment to continue.
# Native memory allocation (malloc) failed to allocate 533024 bytes for Chunk::new
# Possible reasons:
#   The system is out of physical RAM or swap space
#   In 32 bit mode, the process size limit was hit
# Possible solutions:
#   Reduce memory load on the system
#   Increase physical memory or swap space
#   Check if swap backing store is full
#   Use 64 bit Java on a 64 bit OS
#   Decrease Java heap size (-Xmx/-Xms)
#   Decrease number of Java threads
#   Decrease Java thread stack sizes (-Xss)
#   Set larger code cache with -XX:ReservedCodeCacheSize=
# This output file may be truncated or incomplete.
#
#  Out of Memory Error (allocation.cpp:390), pid=22872, tid=0x0000000000007868
#
# JRE version: Java(TM) SE Runtime Environment (8.0_131-b11) (build 1.8.0_131-b11)
# Java VM: Java HotSpot(TM) 64-Bit Server VM (25.131-b11 mixed mode windows-amd64 compressed oops)
# Failed to write core dump. Minidumps are not enabled by default on client versions of Windows
#

---------------  T H R E A D  ---------------

Current thread (0x000000001c1e4800):  JavaThread "C2 CompilerThread0" daemon [_thread_in_native, id=30824, stack(0x000000001d840000,0x000000001d940000)]

Stack: [0x000000001d840000,0x000000001d940000]
[error occurred during error reporting (printing stack bounds), id 0xc0000005]

Native frames: (J=compiled Java code, j=interpreted, Vv=VM code, C=native code)


Current CompileTask:
C2:   2725 2437   !   4       com.puppycrawl.tools.checkstyle.grammars.GeneratedJavaRecognizer::assignmentExpression (1337 bytes)


---------------  P R O C E S S  ---------------

Java Threads: ( => current thread )
  0x000000001db78800 JavaThread "Service Thread" daemon [_thread_blocked, id=33356, stack(0x000000001df40000,0x000000001e040000)]
  0x000000001c1f1000 JavaThread "C1 CompilerThread2" daemon [_thread_blocked, id=27220, stack(0x000000001da40000,0x000000001db40000)]
  0x000000001c1eb000 JavaThread "C2 CompilerThread1" daemon [_thread_in_native, id=19596, stack(0x000000001d940000,0x000000001da40000)]
=>0x000000001c1e4800 JavaThread "C2 CompilerThread0" daemon [_thread_in_native, id=30824, stack(0x000000001d840000,0x000000001d940000)]
  0x000000001c1e3000 JavaThread "Attach Listener" daemon [_thread_blocked, id=22360, stack(0x000000001d740000,0x000000001d840000)]
  0x000000001c1df800 JavaThread "Signal Dispatcher" daemon [_thread_blocked, id=42232, stack(0x000000001d640000,0x000000001d740000)]
  0x000000001c1ca800 JavaThread "Finalizer" daemon [_thread_blocked, id=29380, stack(0x000000001d440000,0x000000001d540000)]
  0x0000000002b42000 JavaThread "Reference Handler" daemon [_thread_blocked, id=19028, stack(0x000000001d340000,0x000000001d440000)]
  0x0000000002a54000 JavaThread "main" [_thread_in_Java, id=32576, stack(0x00000000028a0000,0x00000000029a0000)]

Other Threads:
  0x000000001c1a8000 VMThread [stack: 0x000000001d240000,0x000000001d340000] [id=29052]
  0x000000001c23d000 WatcherThread [stack: 0x000000001e040000,0x000000001e140000] [id=27500]

VM state:not at safepoint (normal execution)

VM Mutex/Monitor currently owned by a thread: None

Heap:
 PSYoungGen      total 140800K, used 110875K [0x000000076b580000, 0x0000000774980000, 0x00000007c0000000)
  eden space 130048K, 77% used [0x000000076b580000,0x000000077179be58,0x0000000773480000)
  from space 10752K, 96% used [0x0000000773f00000,0x000000077492add0,0x0000000774980000)
  to   space 10752K, 0% used [0x0000000773480000,0x0000000773480000,0x0000000773f00000)
 ParOldGen       total 173568K, used 862K [0x00000006c2000000, 0x00000006cc980000, 0x000000076b580000)
  object space 173568K, 0% used [0x00000006c2000000,0x00000006c20d7b68,0x00000006cc980000)
 Metaspace       used 16013K, capacity 16436K, committed 16768K, reserved 1064960K
  class space    used 1714K, capacity 1826K, committed 1920K, reserved 1048576K

Card table byte_map: [0x0000000012000000,0x0000000012800000] byte_map_base: 0x000000000e9f0000

Marking Bits: (ParMarkBitMap*) 0x0000000072c8c720
 Begin Bits: [0x0000000013150000, 0x00000000170d0000)
 End Bits:   [0x00000000170d0000, 0x000000001b050000)

Polling page: 0x0000000001220000

CodeCache: size=245760Kb used=12908Kb max_used=12908Kb free=232851Kb
 bounds [0x0000000002c40000, 0x00000000038f0000, 0x0000000011c40000]
 total_blobs=2984 nmethods=2586 adapters=310
 compilation: enabled

Compilation events (10 events):
Event: 2.720 Thread 0x000000001c1f1000 2624   !   3       com.thoughtworks.qdox.parser.impl.DefaultJavaCommentParser::yylex (98 bytes)
Event: 2.721 Thread 0x000000001c1f1000 nmethod 2624 0x00000000038dc8d0 code [0x00000000038dcb40, 0x00000000038dda88]
Event: 2.721 Thread 0x000000001c1f1000 2625       3       com.thoughtworks.qdox.parser.impl.DefaultJavaCommentLexer::lex (5 bytes)
Event: 2.721 Thread 0x000000001c1f1000 nmethod 2625 0x00000000038de2d0 code [0x00000000038de440, 0x00000000038de5c8]
Event: 2.721 Thread 0x000000001c1f1000 2626       3       com.thoughtworks.qdox.parser.impl.DefaultJavaCommentLexer::text (5 bytes)
Event: 2.721 Thread 0x000000001c1f1000 nmethod 2626 0x00000000038de650 code [0x00000000038de7c0, 0x00000000038deaa8]
Event: 2.721 Thread 0x000000001c1f1000 2629  s    3       java.util.Stack::peek (25 bytes)
Event: 2.721 Thread 0x000000001c1f1000 nmethod 2629 0x00000000038deb90 code [0x00000000038ded20, 0x00000000038df358]
Event: 2.721 Thread 0x000000001c1f1000 2623       3       java.nio.charset.CoderResult::isOverflow (14 bytes)
Event: 2.721 Thread 0x000000001c1f1000 nmethod 2623 0x00000000038df4d0 code [0x00000000038df620, 0x00000000038df7d0]

GC Heap History (4 events):
Event: 1.333 GC heap before
{Heap before GC invocations=1 (full 0):
 PSYoungGen      total 75776K, used 65024K [0x000000076b580000, 0x0000000770a00000, 0x00000007c0000000)
  eden space 65024K, 100% used [0x000000076b580000,0x000000076f500000,0x000000076f500000)
  from space 10752K, 0% used [0x000000076ff80000,0x000000076ff80000,0x0000000770a00000)
  to   space 10752K, 0% used [0x000000076f500000,0x000000076f500000,0x000000076ff80000)
 ParOldGen       total 173568K, used 0K [0x00000006c2000000, 0x00000006cc980000, 0x000000076b580000)
  object space 173568K, 0% used [0x00000006c2000000,0x00000006c2000000,0x00000006cc980000)
 Metaspace       used 12468K, capacity 12686K, committed 13056K, reserved 1060864K
  class space    used 1374K, capacity 1415K, committed 1536K, reserved 1048576K
Event: 1.355 GC heap after
Heap after GC invocations=1 (full 0):
 PSYoungGen      total 75776K, used 10745K [0x000000076b580000, 0x0000000774980000, 0x00000007c0000000)
  eden space 65024K, 0% used [0x000000076b580000,0x000000076b580000,0x000000076f500000)
  from space 10752K, 99% used [0x000000076f500000,0x000000076ff7e7d8,0x000000076ff80000)
  to   space 10752K, 0% used [0x0000000773f00000,0x0000000773f00000,0x0000000774980000)
 ParOldGen       total 173568K, used 718K [0x00000006c2000000, 0x00000006cc980000, 0x000000076b580000)
  object space 173568K, 0% used [0x00000006c2000000,0x00000006c20b3b58,0x00000006cc980000)
 Metaspace       used 12468K, capacity 12686K, committed 13056K, reserved 1060864K
  class space    used 1374K, capacity 1415K, committed 1536K, reserved 1048576K
}
Event: 2.130 GC heap before
{Heap before GC invocations=2 (full 0):
 PSYoungGen      total 75776K, used 75769K [0x000000076b580000, 0x0000000774980000, 0x00000007c0000000)
  eden space 65024K, 100% used [0x000000076b580000,0x000000076f500000,0x000000076f500000)
  from space 10752K, 99% used [0x000000076f500000,0x000000076ff7e7d8,0x000000076ff80000)
  to   space 10752K, 0% used [0x0000000773f00000,0x0000000773f00000,0x0000000774980000)
 ParOldGen       total 173568K, used 718K [0x00000006c2000000, 0x00000006cc980000, 0x000000076b580000)
  object space 173568K, 0% used [0x00000006c2000000,0x00000006c20b3b58,0x00000006cc980000)
 Metaspace       used 15686K, capacity 15988K, committed 16256K, reserved 1062912K
  class space    used 1684K, capacity 1794K, committed 1920K, reserved 1048576K
Event: 2.148 GC heap after
Heap after GC invocations=2 (full 0):
 PSYoungGen      total 140800K, used 10411K [0x000000076b580000, 0x0000000774980000, 0x00000007c0000000)
  eden space 130048K, 0% used [0x000000076b580000,0x000000076b580000,0x0000000773480000)
  from space 10752K, 96% used [0x0000000773f00000,0x000000077492add0,0x0000000774980000)
  to   space 10752K, 0% used [0x0000000773480000,0x0000000773480000,0x0000000773f00000)
 ParOldGen       total 173568K, used 862K [0x00000006c2000000, 0x00000006cc980000, 0x000000076b580000)
  object space 173568K, 0% used [0x00000006c2000000,0x00000006c20d7b68,0x00000006cc980000)
 Metaspace       used 15686K, capacity 15988K, committed 16256K, reserved 1062912K
  class space    used 1684K, capacity 1794K, committed 1920K, reserved 1048576K
}

Deoptimization events (10 events):
Event: 2.445 Thread 0x0000000002a54000 Uncommon trap: reason=unstable_if action=reinterpret pc=0x0000000003109ae8 method=freemarker.core.FMParserTokenManager.jjMoveNfa_2(II)I @ 2536
Event: 2.452 Thread 0x0000000002a54000 Uncommon trap: reason=unstable_if action=reinterpret pc=0x00000000031d4ed8 method=freemarker.core.FMParser.jj_3_1()Z @ 25
Event: 2.500 Thread 0x0000000002a54000 Uncommon trap: reason=unstable_if action=reinterpret pc=0x00000000037885b0 method=freemarker.template.DefaultObjectWrapper.wrap(Ljava/lang/Object;)Lfreemarker/template/TemplateModel; @ 149
Event: 2.510 Thread 0x0000000002a54000 Uncommon trap: reason=unstable_if action=reinterpret pc=0x00000000036f85c8 method=java.util.regex.Pattern$CharProperty.match(Ljava/util/regex/Matcher;ILjava/lang/CharSequence;)Z @ 5
Event: 2.510 Thread 0x0000000002a54000 Uncommon trap: reason=unstable_if action=reinterpret pc=0x000000000322df58 method=java.io.StreamTokenizer.nextToken()I @ 904
Event: 2.519 Thread 0x0000000002a54000 Uncommon trap: reason=predicate action=maybe_recompile pc=0x00000000036fb424 method=java.util.regex.Pattern$Slice.match(Ljava/util/regex/Matcher;ILjava/lang/CharSequence;)Z @ 21
Event: 2.570 Thread 0x0000000002a54000 Uncommon trap: reason=class_check action=maybe_recompile pc=0x000000000375de2c method=java.util.regex.Pattern$5.isSatisfiedBy(I)Z @ 16
Event: 2.570 Thread 0x0000000002a54000 Uncommon trap: reason=class_check action=maybe_recompile pc=0x000000000375de2c method=java.util.regex.Pattern$5.isSatisfiedBy(I)Z @ 16
Event: 2.570 Thread 0x0000000002a54000 Uncommon trap: reason=class_check action=maybe_recompile pc=0x000000000375de2c method=java.util.regex.Pattern$5.isSatisfiedBy(I)Z @ 16
Event: 2.570 Thread 0x0000000002a54000 Uncommon trap: reason=class_check action=maybe_recompile pc=0x000000000375de2c method=java.util.regex.Pattern$5.isSatisfiedBy(I)Z @ 16

Internal exceptions (10 events):
Event: 2.111 Thread 0x0000000002a54000 Exception <a 'java/lang/ClassNotFoundException': com/thoughtworks/qdox/model/impl/DefaultJavaTypeCustomizer> (0x000000076f2d54f8) thrown at [C:\re\workspace\8-2-build-windows-amd64-cygwin\jdk8u131\8869\hotspot\src\share\vm\classfile\systemDictionary.cpp, 
Event: 2.113 Thread 0x0000000002a54000 Exception <a 'java/lang/ClassNotFoundException': com/thoughtworks/qdox/model/impl/DefaultJavaParameterizedTypeCustomizer> (0x000000076f339168) thrown at [C:\re\workspace\8-2-build-windows-amd64-cygwin\jdk8u131\8869\hotspot\src\share\vm\classfile\systemDic
Event: 2.118 Thread 0x0000000002a54000 Exception <a 'java/lang/ClassNotFoundException': com/thoughtworks/qdox/model/impl/DefaultJavaParameterBeanInfo> (0x000000076f3d6e68) thrown at [C:\re\workspace\8-2-build-windows-amd64-cygwin\jdk8u131\8869\hotspot\src\share\vm\classfile\systemDictionary.cp
Event: 2.118 Thread 0x0000000002a54000 Exception <a 'java/lang/ClassNotFoundException': com/thoughtworks/qdox/model/impl/DefaultJavaParameterCustomizer> (0x000000076f3de308) thrown at [C:\re\workspace\8-2-build-windows-amd64-cygwin\jdk8u131\8869\hotspot\src\share\vm\classfile\systemDictionary.
Event: 2.337 Thread 0x0000000002a54000 Exception <a 'sun/nio/fs/WindowsException'> (0x000000076da9a7a0) thrown at [C:\re\workspace\8-2-build-windows-amd64-cygwin\jdk8u131\8869\hotspot\src\share\vm\prims\jni.cpp, line 709]
Event: 2.441 Thread 0x0000000002a54000 Exception <a 'sun/nio/fs/WindowsException'> (0x000000076f6f9038) thrown at [C:\re\workspace\8-2-build-windows-amd64-cygwin\jdk8u131\8869\hotspot\src\share\vm\prims\jni.cpp, line 709]
Event: 2.651 Thread 0x0000000002a54000 Exception <a 'sun/nio/fs/WindowsException'> (0x0000000770dded28) thrown at [C:\re\workspace\8-2-build-windows-amd64-cygwin\jdk8u131\8869\hotspot\src\share\vm\prims\jni.cpp, line 709]
Event: 2.664 Thread 0x0000000002a54000 Exception <a 'sun/nio/fs/WindowsException'> (0x0000000770ecb0f8) thrown at [C:\re\workspace\8-2-build-windows-amd64-cygwin\jdk8u131\8869\hotspot\src\share\vm\prims\jni.cpp, line 709]
Event: 2.671 Thread 0x0000000002a54000 Exception <a 'sun/nio/fs/WindowsException'> (0x0000000770f4c508) thrown at [C:\re\workspace\8-2-build-windows-amd64-cygwin\jdk8u131\8869\hotspot\src\share\vm\prims\jni.cpp, line 709]
Event: 2.715 Thread 0x0000000002a54000 Exception <a 'sun/nio/fs/WindowsException'> (0x0000000771367718) thrown at [C:\re\workspace\8-2-build-windows-amd64-cygwin\jdk8u131\8869\hotspot\src\share\vm\prims\jni.cpp, line 709]

Events (10 events):
Event: 2.673 loading class sun/nio/ch/ChannelInputStream
Event: 2.674 loading class sun/nio/ch/ChannelInputStream done
Event: 2.678 Thread 0x0000000002a54000 DEOPT PACKING pc=0x00000000036310fb sp=0x000000000299e5e0
Event: 2.678 Thread 0x0000000002a54000 DEOPT UNPACKING pc=0x0000000002c8787f sp=0x000000000299e680 mode 0
Event: 2.686 loading class freemarker/template/SimpleSequence$SynchronizedSequence
Event: 2.686 loading class freemarker/template/SimpleSequence$SynchronizedSequence done
Event: 2.707 loading class com/liferay/portal/kernel/util/NaturalOrderStringComparator
Event: 2.707 loading class com/liferay/portal/kernel/util/NaturalOrderStringComparator done
Event: 2.720 Thread 0x0000000002a54000 DEOPT PACKING pc=0x00000000036310fb sp=0x000000000299e5c0
Event: 2.720 Thread 0x0000000002a54000 DEOPT UNPACKING pc=0x0000000002c8787f sp=0x000000000299e660 mode 0


Dynamic libraries:
0x00007ff613e70000 - 0x00007ff613ea7000 	C:\Program Files\Java\jdk1.8.0_131\bin\java.exe
0x00007ffd32630000 - 0x00007ffd32825000 	C:\WINDOWS\SYSTEM32\ntdll.dll
0x00007ffd309a0000 - 0x00007ffd30a5d000 	C:\WINDOWS\System32\KERNEL32.DLL
0x00007ffd303b0000 - 0x00007ffd3067d000 	C:\WINDOWS\System32\KERNELBASE.dll
0x00007ffd308f0000 - 0x00007ffd3099e000 	C:\WINDOWS\System32\ADVAPI32.dll
0x00007ffd30b10000 - 0x00007ffd30bae000 	C:\WINDOWS\System32\msvcrt.dll
0x00007ffd31aa0000 - 0x00007ffd31b3c000 	C:\WINDOWS\System32\sechost.dll
0x00007ffd32100000 - 0x00007ffd32225000 	C:\WINDOWS\System32\RPCRT4.dll
0x00007ffd32450000 - 0x00007ffd325f0000 	C:\WINDOWS\System32\USER32.dll
0x00007ffd302c0000 - 0x00007ffd302e2000 	C:\WINDOWS\System32\win32u.dll
0x00007ffd31fc0000 - 0x00007ffd31fea000 	C:\WINDOWS\System32\GDI32.dll
0x00007ffd2ff00000 - 0x00007ffd3000b000 	C:\WINDOWS\System32\gdi32full.dll
0x00007ffd2fd40000 - 0x00007ffd2fddd000 	C:\WINDOWS\System32\msvcp_win.dll
0x00007ffd301c0000 - 0x00007ffd302c0000 	C:\WINDOWS\System32\ucrtbase.dll
0x00007ffd0abc0000 - 0x00007ffd0ae5a000 	C:\WINDOWS\WinSxS\amd64_microsoft.windows.common-controls_6595b64144ccf1df_6.0.19041.1110_none_60b5254171f9507e\COMCTL32.dll
0x00007ffd30a60000 - 0x00007ffd30a90000 	C:\WINDOWS\System32\IMM32.DLL
0x0000000072d10000 - 0x0000000072de2000 	C:\Program Files\Java\jdk1.8.0_131\jre\bin\msvcr100.dll
0x0000000072470000 - 0x0000000072d0c000 	C:\Program Files\Java\jdk1.8.0_131\jre\bin\server\jvm.dll
0x00007ffd306a0000 - 0x00007ffd306a8000 	C:\WINDOWS\System32\PSAPI.DLL
0x00007ffd129f0000 - 0x00007ffd12a17000 	C:\WINDOWS\SYSTEM32\WINMM.dll
0x00007ffd1c7b0000 - 0x00007ffd1c7ba000 	C:\WINDOWS\SYSTEM32\VERSION.dll
0x00007ffd142d0000 - 0x00007ffd142d9000 	C:\WINDOWS\SYSTEM32\WSOCK32.dll
0x00007ffd31960000 - 0x00007ffd319cb000 	C:\WINDOWS\System32\WS2_32.dll
0x0000000072460000 - 0x000000007246f000 	C:\Program Files\Java\jdk1.8.0_131\jre\bin\verify.dll
0x0000000072430000 - 0x0000000072459000 	C:\Program Files\Java\jdk1.8.0_131\jre\bin\java.dll
0x0000000072410000 - 0x0000000072426000 	C:\Program Files\Java\jdk1.8.0_131\jre\bin\zip.dll
0x00007ffd31000000 - 0x00007ffd31744000 	C:\WINDOWS\System32\SHELL32.dll
0x00007ffd2d9a0000 - 0x00007ffd2e134000 	C:\WINDOWS\SYSTEM32\windows.storage.dll
0x00007ffd30c40000 - 0x00007ffd30f94000 	C:\WINDOWS\System32\combase.dll
0x00007ffd2f730000 - 0x00007ffd2f75c000 	C:\WINDOWS\SYSTEM32\Wldp.dll
0x00007ffd32050000 - 0x00007ffd320fd000 	C:\WINDOWS\System32\SHCORE.dll
0x00007ffd30880000 - 0x00007ffd308d5000 	C:\WINDOWS\System32\shlwapi.dll
0x00007ffd2fc80000 - 0x00007ffd2fc9f000 	C:\WINDOWS\SYSTEM32\profapi.dll
0x00000000723f0000 - 0x000000007240a000 	C:\Program Files\Java\jdk1.8.0_131\jre\bin\net.dll
0x00007ffd2f490000 - 0x00007ffd2f4fa000 	C:\WINDOWS\system32\mswsock.dll
0x00000000723d0000 - 0x00000000723e1000 	C:\Program Files\Java\jdk1.8.0_131\jre\bin\nio.dll

VM Arguments:
jvm_args: -Dfile.encoding=UTF-8 -Duser.country=US -Duser.language=en -Duser.variant 
java_command: com.liferay.portal.tools.service.builder.ServiceBuilder service.api.dir=../hms-sb-api/src/main/java service.auto.import.default.references=true service.auto.namespace.tables=true service.bean.locator.util=com.liferay.util.bean.PortletBeanLocatorUtil service.build.number.increment=true service.build.number=1 service.database.name.max.length=30 service.hbm.file=src/main/resources/META-INF/module-hbm.xml service.impl.dir=src/main/java service.input.file=service.xml service.model.hints.configs=classpath*:META-INF/portal-model-hints.xml,META-INF/portal-model-hints.xml,classpath*:META-INF/ext-model-hints.xml,classpath*:META-INF/portlet-model-hints.xml,src/main/resources/META-INF/portlet-model-hints.xml service.model.hints.file=src/main/resources/META-INF/portlet-model-hints.xml service.osgi.module=true service.plugin.name= service.props.util=com.um.ace.qa.hms.sb.service.util.ServiceProps service.read.only.prefixes=search,load,reindex,fetch,get,is,has,dynamicQuery service.resource.actions.configs=META-INF/resource-actions/default.xml,resource-actions/default.xml service.resources.dir=src/main/resources service.spring.file=src/main/resources/META-INF/spring/module-spring.xml service.spring.namespaces=beans service.sql.dir=src/main/resources/META-INF/sql service.sql.file=tables.sql service.sql.indexes.file=indexes.sql service.sql.sequences.file=sequences.sql service.target.entity.name=${service.target.entity.name}
java_class_path (initial): C:\Users\vadiv\.gradle\caches\modules-2\files-2.1\com.liferay\com.liferay.portal.tools.service.builder\1.0.287\a9a4b0ce087c948443716b3105ea1ceb3f9321dd\com.liferay.portal.tools.service.builder-1.0.287.jar;C:\Users\vadiv\.gradle\caches\modules-2\files-2.1\com.puppycrawl.tools\checkstyle\8.11\a5814e3687c669221b5ffe984299fdeb9fa1714e\checkstyle-8.11.jar;C:\Users\vadiv\.gradle\caches\modules-2\files-2.1\com.thoughtworks.qdox\qdox\2.0-M5\af8aa9eecb7576ef74baf19c0bdaf62ff13feb91\qdox-2.0-M5.jar;C:\Users\vadiv\.gradle\caches\modules-2\files-2.1\commons-io\commons-io\2.5\2852e6e05fbb95076fc091f6d1780f1f8fe35e0f\commons-io-2.5.jar;C:\Users\vadiv\.gradle\caches\modules-2\files-2.1\dom4j\dom4j\1.6.1\5d3ccc056b6f056dbf0dddfdf43894b9065a8f94\dom4j-1.6.1.jar;C:\Users\vadiv\.gradle\caches\modules-2\files-2.1\jalopy\jalopy\1.5rc3\a6b23c9c7d3852ee494046d9680aa86bcccf8ece\jalopy-1.5rc3.jar;C:\Users\vadiv\.gradle\caches\modules-2\files-2.1\jaxen\jaxen\1.1.1\9f5d3c5974dbe5cf69c2c2ec7d8a4eb6e0fce7f9\jaxen-1.1.1.jar;C:\Users\vadiv\.gradle\caches\modules-2\files-2.1\log4j\log4j\1.2.17\5af35056b4d257e4b64b9e8069c0746e8b08629f\log4j-1.2.17.jar;C:\Users\vadiv\.gradle\caches\modules-2\files-2.1\org.freemarker\freemarker\2.3.23\cd143cd8c02a9f838e3cb75a6dfe133750437f6d\freemarker-2.3.23.jar;C:\Users\vadiv\.gradle\caches\modules-2\files-2.1\antlr\antlr\2.7.7\83cd2cd674a217ade95a4bb83a8a14f351f48bd0\antlr-2.7.7.jar;C:\Users\vadiv\.gradle\caches\modules-2\files-2.1\org.antlr\antlr4-runtime\4.7.1\946f8aa9daa917dd81a8b818111bec7e288f821a\antlr4-runtime-4.7.1.jar;C:\Users\vadiv\.gradle\caches\modules-2\files-2.1\commons-beanutils\commons-beanutils\1.9.3\c845703de334ddc6b4b3cd26835458cb1cba1f3d\commons-beanutils-1.9.3.jar;C:\Users\vadiv\.gradle\caches\modules-2\files-2.1\commons-cli\commons-cli\1.4\c51c00206bb913cd8612b24abd9fa98ae89719b1\commons-cli-1.4.jar;C:\Users\vadiv\.gradle\caches\modules-2\files-2.1\com.google.guava\guava\25.1-jre\6c57e4b22b44e89e548b5c9f70f0c45fe1
Launcher Type: SUN_STANDARD

Environment Variables:
JAVA_HOME=C:\Program Files\Java\jdk1.8.0_131
PATH=C:/Program Files/Java/jre1.8.0_241/bin/server;C:/Program Files/Java/jre1.8.0_241/bin;C:/Program Files/Java/jre1.8.0_241/lib/amd64;C:\Program Files\Common Files\Oracle\Java\javapath;C:\Program Files (x86)\Common Files\Oracle\Java\javapath;C:\ProgramData\Oracle\Java\javapath;C:\WINDOWS\system32;C:\WINDOWS;C:\WINDOWS\System32\Wbem;C:\WINDOWS\System32\WindowsPowerShell\v1.0\;C:\Program Files\Java\jdk1.8.0_131\bin;D:\avk\softwares\apache-maven-3.5.2-bin\apache-maven-3.5.2\bin;C:\strawberry\c\bin;C:\strawberry\perl\bin;C:\WINDOWS\System32\OpenSSH\;C:\Users\vadiv\.jpm\windows\bin;C:\Program Files (x86)\Intel\Intel(R) Management Engine Components\DAL;C:\Program Files\Intel\Intel(R) Management Engine Components\DAL;C:\Program Files\Intel\WiFi\bin\;C:\Program Files\Common Files\Intel\WirelessCommon\;C:/Users/vadiv/.npm-packages;C:\Program Files\nodejs\;C:\Users\vadiv\.npm-packages\node_modules\generator-liferay-theme\node_modules\.bin;D:\avk\softwares\apache-ant-1.9.14-bin\apache-ant-1.9.14\bin;C:\Program Files\Git\cmd;C:\Program Files\Azure Data Studio\bin;C:\Program Files\dotnet\;C:\Users\vadiv\AppData\Local\Programs\Python\Python310\Scripts\;C:\Users\vadiv\AppData\Local\Programs\Python\Python310\;C:\Ruby26-x64\bin;C:\Users\vadiv\AppData\Local\Microsoft\WindowsApps;C:\Users\vadiv\AppData\Local\GitHubDesktop\bin;C:\Users\vadiv\AppData\Local\Microsoft\WindowsApps;C:\Users\vadiv\AppData\Roaming\npm;C:\Users\vadiv\AppData\Local\Programs\Microsoft VS Code\bin;C:\Program Files\Java\jdk1.8.0_131\bin;;C:\Program Files\Azure Data Studio\bin;C:\Program Files (x86)\LiferayProjectSDKwithDevStudioCommunityEdition\liferay-developer-studio;
USERNAME=vadiv
OS=Windows_NT
PROCESSOR_IDENTIFIER=Intel64 Family 6 Model 142 Stepping 9, GenuineIntel



---------------  S Y S T E M  ---------------

OS: Windows 10.0 , 64 bit Build 19041 (10.0.19041.1706)

CPU:total 4 (initial active 4) (2 cores per cpu, 2 threads per core) family 6 model 142 stepping 9, cmov, cx8, fxsr, mmx, sse, sse2, sse3, ssse3, sse4.1, sse4.2, popcnt, avx, avx2, aes, clmul, erms, rtm, 3dnowpref, lzcnt, ht, tsc, tscinvbit, bmi1, bmi2, adx

Memory: 4k page, physical 16646132k(3888472k free), swap 19718132k(4356k free)

vm_info: Java HotSpot(TM) 64-Bit Server VM (25.131-b11) for windows-amd64 JRE (1.8.0_131-b11), built on Mar 15 2017 01:23:53 by "java_re" with MS VC++ 10.0 (VS2010)

time: Thu May 19 18:56:31 2022
elapsed time: 2 seconds (0d 0h 0m 2s)

